<?xml version="1.0" encoding="UTF-8"?>
<log>
<logentry
   revision="19501">
<author>wujunnan</author>
<date>2022-03-24T12:32:03.796839Z</date>
<paths>
<path
   prop-mods="true"
   text-mods="true"
   kind="file"
   action="A">/techinao/项目管理/项目文档/项目跟踪/RoboKit/测试文档/Robokit推杆电机耐久测试记录.xlsx</path>
</paths>
<msg></msg>
</logentry>
<logentry
   revision="19502">
<author>heyufei</author>
<date>2022-03-25T01:39:57.273149Z</date>
<paths>
<path
   action="M"
   prop-mods="false"
   text-mods="true"
   kind="file">/techinao/软件开发/软件系统/代码开发/TCN-RoboKit-SC-ACU/限定低速无人驾驶/AutoSweeperV2/modules/communication/communication_edition/CMakeLists.txt</path>
<path
   action="M"
   prop-mods="false"
   text-mods="true"
   kind="file">/techinao/软件开发/软件系统/代码开发/TCN-RoboKit-SC-ACU/限定低速无人驾驶/AutoSweeperV2/modules/communication/communication_edition/config/config.yaml</path>
<path
   text-mods="true"
   kind="file"
   action="M"
   prop-mods="false">/techinao/软件开发/软件系统/代码开发/TCN-RoboKit-SC-ACU/限定低速无人驾驶/AutoSweeperV2/modules/communication/communication_edition/config/protocol.json</path>
<path
   text-mods="true"
   kind="file"
   action="M"
   prop-mods="false">/techinao/软件开发/软件系统/代码开发/TCN-RoboKit-SC-ACU/限定低速无人驾驶/AutoSweeperV2/modules/communication/communication_edition/include/communication/map_management.h</path>
<path
   action="M"
   prop-mods="false"
   text-mods="true"
   kind="file">/techinao/软件开发/软件系统/代码开发/TCN-RoboKit-SC-ACU/限定低速无人驾驶/AutoSweeperV2/modules/communication/communication_edition/include/communication/robot_info.h</path>
<path
   action="M"
   prop-mods="false"
   text-mods="true"
   kind="file">/techinao/软件开发/软件系统/代码开发/TCN-RoboKit-SC-ACU/限定低速无人驾驶/AutoSweeperV2/modules/communication/communication_edition/include/communication/socket_utils.h</path>
<path
   action="M"
   prop-mods="false"
   text-mods="true"
   kind="file">/techinao/软件开发/软件系统/代码开发/TCN-RoboKit-SC-ACU/限定低速无人驾驶/AutoSweeperV2/modules/communication/communication_edition/src/handle_app.cpp</path>
</paths>
<msg>【更新】OTA调试
</msg>
</logentry>
<logentry
   revision="19503">
<author>wangcan</author>
<date>2022-03-25T01:40:09.072473Z</date>
<paths>
<path
   prop-mods="false"
   text-mods="true"
   kind="file"
   action="M">/techinao/软件开发/云平台/代码开发/后端程序/TCN-RoboCloud-SC-RoboAPP(重构版)/robot_master_app/lib/pages/deviceListPage.dart</path>
</paths>
<msg>20220325王灿（无效引用删除）</msg>
</logentry>
<logentry
   revision="19504">
<author>yangkai</author>
<date>2022-03-25T01:50:08.253408Z</date>
<paths>
<path
   text-mods="true"
   kind="file"
   action="M"
   prop-mods="false">/techinao/软件开发/云平台/代码开发/后端程序/TCN-RoboCloud-SC-RoboAPP(重构版)/robot_master_app/lib/pages/deviceSettingPage.dart</path>
</paths>
<msg>OTA升级</msg>
</logentry>
<logentry
   revision="19505">
<author>yangkai</author>
<date>2022-03-25T02:04:30.859119Z</date>
<paths>
<path
   text-mods="true"
   kind="file"
   action="M"
   prop-mods="false">/techinao/软件开发/云平台/代码开发/后端程序/TCN-RoboCloud-SC-RoboAPP(重构版)/robot_master_app/lib/rawSocket/EventBusUtils.dart</path>
<path
   kind="file"
   action="M"
   prop-mods="false"
   text-mods="true">/techinao/软件开发/云平台/代码开发/后端程序/TCN-RoboCloud-SC-RoboAPP(重构版)/robot_master_app/lib/rawSocket/SocketManage.dart</path>
</paths>
<msg>通讯</msg>
</logentry>
<logentry
   revision="19506">
<author>sujinya</author>
<date>2022-03-25T02:25:00.543904Z</date>
<paths>
<path
   text-mods="true"
   kind="file"
   action="M"
   prop-mods="false">/techinao/软件开发/软件系统/代码开发/TCN-RobosWare/工程代码/主支工程/robosware/modules/common/user_config/conf/xidi.yaml</path>
<path
   action="M"
   prop-mods="false"
   text-mods="true"
   kind="file">/techinao/软件开发/软件系统/代码开发/TCN-RobosWare/工程代码/主支工程/robosware/modules/localization/dead_reckoning/imu_dr/src/imu_dr.cpp</path>
<path
   action="M"
   prop-mods="false"
   text-mods="true"
   kind="file">/techinao/软件开发/软件系统/代码开发/TCN-RobosWare/工程代码/主支工程/robosware/modules/perception/lidar/obstacle_points/include/obstacle_points/obstacle_points.h</path>
<path
   action="M"
   prop-mods="false"
   text-mods="true"
   kind="file">/techinao/软件开发/软件系统/代码开发/TCN-RobosWare/工程代码/主支工程/robosware/modules/perception/lidar/obstacle_points/src/obstacle_points.cpp</path>
</paths>
<msg>添加odom速度和obstacle的参数</msg>
</logentry>
<logentry
   revision="19507">
<author>qiancheng</author>
<date>2022-03-25T03:00:35.150568Z</date>
<paths>
<path
   text-mods="true"
   kind="file"
   action="M"
   prop-mods="false">/techinao/软件开发/嵌入式/Proj-Swepper/05.工程代码/01.主支工程/版本说明.txt</path>
</paths>
<msg>钱程：版本说明修改，添加遗留项</msg>
</logentry>
<logentry
   revision="19508">
<author>qiancheng</author>
<date>2022-03-25T03:03:25.228057Z</date>
<paths>
<path
   text-mods="true"
   kind="file"
   action="M"
   prop-mods="false">/techinao/软件开发/嵌入式/Proj-Swepper/05.工程代码/readme.txt</path>
</paths>
<msg>钱程：版本号说明详细化</msg>
</logentry>
<logentry
   revision="19509">
<author>qiancheng</author>
<date>2022-03-25T03:04:13.842832Z</date>
<paths>
<path
   action="A"
   prop-mods="false"
   text-mods="false"
   kind="dir">/techinao/软件开发/嵌入式/文档/学习文档/PHY</path>
<path
   prop-mods="false"
   text-mods="true"
   kind="file"
   action="A">/techinao/软件开发/嵌入式/文档/学习文档/PHY/PHY.md</path>
<path
   text-mods="false"
   kind="dir"
   action="A"
   prop-mods="false">/techinao/软件开发/嵌入式/文档/学习文档/PHY/img</path>
<path
   text-mods="true"
   kind="file"
   action="A"
   prop-mods="true">/techinao/软件开发/嵌入式/文档/学习文档/PHY/img/GMII.png</path>
<path
   kind="file"
   action="A"
   prop-mods="true"
   text-mods="true">/techinao/软件开发/嵌入式/文档/学习文档/PHY/img/MII.png</path>
<path
   action="A"
   prop-mods="true"
   text-mods="true"
   kind="file">/techinao/软件开发/嵌入式/文档/学习文档/PHY/img/RGMII.png</path>
<path
   action="A"
   prop-mods="true"
   text-mods="true"
   kind="file">/techinao/软件开发/嵌入式/文档/学习文档/PHY/img/RGMII波形图.png</path>
<path
   action="A"
   prop-mods="true"
   text-mods="true"
   kind="file">/techinao/软件开发/嵌入式/文档/学习文档/PHY/img/RMII.png</path>
<path
   action="A"
   prop-mods="true"
   text-mods="true"
   kind="file">/techinao/软件开发/嵌入式/文档/学习文档/PHY/img/SMII.png</path>
<path
   prop-mods="true"
   text-mods="true"
   kind="file"
   action="A">/techinao/软件开发/嵌入式/文档/学习文档/PHY/img/SMII数据帧.png</path>
<path
   text-mods="true"
   kind="file"
   action="A"
   prop-mods="true">/techinao/软件开发/嵌入式/文档/学习文档/PHY/img/SMIRX帧.png</path>
<path
   text-mods="true"
   kind="file"
   action="A"
   prop-mods="true">/techinao/软件开发/嵌入式/文档/学习文档/PHY/img/SMITX帧.png</path>
<path
   kind="file"
   action="A"
   prop-mods="true"
   text-mods="true">/techinao/软件开发/嵌入式/文档/学习文档/PHY/img/SMI数据帧.png</path>
<path
   prop-mods="true"
   text-mods="true"
   kind="file"
   action="A">/techinao/软件开发/嵌入式/文档/学习文档/PHY/img/SSMII.png</path>
</paths>
<msg>钱程：PHY学习文档</msg>
</logentry>
<logentry
   revision="19510">
<author>liwei</author>
<date>2022-03-25T03:26:19.563109Z</date>
<paths>
<path
   text-mods="false"
   kind="dir"
   action="A"
   prop-mods="false">/techinao/软件开发/嵌入式/Proj-Swepper/04.详细设计/03.模块设计/01 扫地车EPS设计文档</path>
<path
   kind="dir"
   action="A"
   prop-mods="false"
   text-mods="false">/techinao/软件开发/嵌入式/Proj-Swepper/04.详细设计/03.模块设计/01 扫地车EPS设计文档/EPS程序设计文档</path>
<path
   action="A"
   prop-mods="true"
   text-mods="true"
   kind="file">/techinao/软件开发/嵌入式/Proj-Swepper/04.详细设计/03.模块设计/01 扫地车EPS设计文档/EPS程序设计文档/EPS程序设计.vsdx</path>
<path
   action="A"
   prop-mods="true"
   text-mods="true"
   kind="file">/techinao/软件开发/嵌入式/Proj-Swepper/04.详细设计/03.模块设计/01 扫地车EPS设计文档/EPS程序设计文档/EPS转向模块方案(2)_20220315.docx</path>
<path
   action="A"
   prop-mods="false"
   text-mods="false"
   kind="dir">/techinao/软件开发/嵌入式/Proj-Swepper/04.详细设计/03.模块设计/01 扫地车EPS设计文档/天津德科EPS调试</path>
<path
   prop-mods="false"
   text-mods="false"
   kind="dir"
   action="A">/techinao/软件开发/嵌入式/Proj-Swepper/04.详细设计/03.模块设计/01 扫地车EPS设计文档/天津德科EPS调试/记录</path>
<path
   text-mods="true"
   kind="file"
   action="A"
   prop-mods="false">/techinao/软件开发/嵌入式/Proj-Swepper/04.详细设计/03.模块设计/01 扫地车EPS设计文档/天津德科EPS调试/记录/天津德科EPS记录.md</path>
<path
   action="A"
   prop-mods="false"
   text-mods="false"
   kind="dir">/techinao/软件开发/嵌入式/Proj-Swepper/04.详细设计/03.模块设计/01 扫地车EPS设计文档/天津德科EPS调试/资料</path>
<path
   action="A"
   prop-mods="true"
   text-mods="true"
   kind="file">/techinao/软件开发/嵌入式/Proj-Swepper/04.详细设计/03.模块设计/01 扫地车EPS设计文档/天津德科EPS调试/资料/天津德科-无人驾驶EPS使用说明书V1.2.docx</path>
<path
   action="A"
   prop-mods="true"
   text-mods="true"
   kind="file">/techinao/软件开发/嵌入式/Proj-Swepper/04.详细设计/03.模块设计/01 扫地车EPS设计文档/天津德科EPS调试/资料/特定场景智能驾驶-can协议_V3.pdf</path>
<path
   prop-mods="false"
   text-mods="false"
   kind="dir"
   action="A">/techinao/软件开发/嵌入式/Proj-Swepper/04.详细设计/03.模块设计/01 扫地车EPS设计文档/天津德科EPS调试/资料/特定场景智能驾驶EPS图纸及模型</path>
<path
   prop-mods="true"
   text-mods="true"
   kind="file"
   action="A">/techinao/软件开发/嵌入式/Proj-Swepper/04.详细设计/03.模块设计/01 扫地车EPS设计文档/天津德科EPS调试/资料/特定场景智能驾驶EPS图纸及模型/特定场景智能驾驶EPS助力总成.pdf</path>
<path
   text-mods="true"
   kind="file"
   action="A"
   prop-mods="true">/techinao/软件开发/嵌入式/Proj-Swepper/04.详细设计/03.模块设计/01 扫地车EPS设计文档/天津德科EPS调试/资料/特定场景智能驾驶EPS图纸及模型/特定场景智能驾驶EPS控制器总成 .pdf</path>
<path
   action="A"
   prop-mods="false"
   text-mods="true"
   kind="file">/techinao/软件开发/嵌入式/Proj-Swepper/04.详细设计/03.模块设计/01 扫地车EPS设计文档/天津德科EPS调试/资料/特定场景智能驾驶EPS图纸及模型/特定场景智能驾驶EPS模型.stp</path>
<path
   action="A"
   prop-mods="false"
   text-mods="true"
   kind="file">/techinao/软件开发/嵌入式/Proj-Swepper/04.详细设计/03.模块设计/01 扫地车EPS设计文档/天津德科EPS调试/资料/通用有刷无人驾驶20211118.dbc</path>
</paths>
<msg>EPS设计资料补传</msg>
</logentry>
<logentry
   revision="19511">
<author>wangcan</author>
<date>2022-03-25T05:10:05.394849Z</date>
<paths>
<path
   action="M"
   prop-mods="false"
   text-mods="true"
   kind="file">/techinao/软件开发/云平台/代码开发/后端程序/TCN-RoboCloud-SC-RoboAPP(重构版)/robot_master_app/lib/pages/autoOperatePage2.dart</path>
<path
   action="M"
   prop-mods="false"
   text-mods="true"
   kind="file">/techinao/软件开发/云平台/代码开发/后端程序/TCN-RoboCloud-SC-RoboAPP(重构版)/robot_master_app/lib/pages/manualOperationPage.dart</path>
</paths>
<msg>20220325王灿（手动遥控增加10度过滤）</msg>
</logentry>
<logentry
   revision="19512">
<author>sujinya</author>
<date>2022-03-25T05:56:52.158862Z</date>
<paths>
<path
   action="M"
   prop-mods="false"
   text-mods="true"
   kind="file">/techinao/软件开发/软件系统/代码开发/TCN-RobosWare/工程代码/主支工程/robosware/modules/common/user_config/conf/xidi.yaml</path>
<path
   action="M"
   prop-mods="false"
   text-mods="true"
   kind="file">/techinao/软件开发/软件系统/代码开发/TCN-RobosWare/工程代码/主支工程/robosware/modules/common/user_config/launch/robosware_launch.py</path>
<path
   text-mods="true"
   kind="file"
   action="M"
   prop-mods="false">/techinao/软件开发/软件系统/代码开发/TCN-RobosWare/工程代码/主支工程/robosware/modules/localization/ndt/ndt_locator/include/ndt_locator/ndt_locator.h</path>
<path
   text-mods="true"
   kind="file"
   action="M"
   prop-mods="false">/techinao/软件开发/软件系统/代码开发/TCN-RobosWare/工程代码/主支工程/robosware/modules/localization/ndt/ndt_locator/src/ndt_locator.cpp</path>
</paths>
<msg>fix type bug</msg>
</logentry>
<logentry
   revision="19513">
<author>sujinya</author>
<date>2022-03-25T07:38:57.210892Z</date>
<paths>
<path
   action="M"
   prop-mods="false"
   text-mods="true"
   kind="file">/techinao/软件开发/软件系统/代码开发/TCN-RobosWare/工程代码/主支工程/robosware/modules/localization/dead_reckoning/imu_dr/src/imu_dr.cpp</path>
<path
   action="M"
   prop-mods="false"
   text-mods="true"
   kind="file">/techinao/软件开发/软件系统/代码开发/TCN-RobosWare/工程代码/主支工程/robosware/modules/localization/ndt/ndt_locator/src/ndt_locator.cpp</path>
</paths>
<msg>修复定位bug</msg>
</logentry>
<logentry
   revision="19514">
<author>wujunnan</author>
<date>2022-03-25T08:08:22.332034Z</date>
<paths>
<path
   action="A"
   prop-mods="false"
   text-mods="false"
   kind="dir">/techinao/项目管理/项目文档/项目跟踪/RoboKit/测试文档/V1.5测试文档</path>
</paths>
<msg></msg>
</logentry>
<logentry
   revision="19515">
<author>wujunnan</author>
<date>2022-03-25T08:08:36.470590Z</date>
<paths>
<path
   action="A"
   prop-mods="false"
   text-mods="false"
   kind="dir">/techinao/项目管理/项目文档/项目跟踪/RoboKit/测试文档/V1.5测试文档/测试用例</path>
</paths>
<msg></msg>
</logentry>
<logentry
   revision="19516">
<author>wujunnan</author>
<date>2022-03-25T08:08:58.464386Z</date>
<paths>
<path
   action="A"
   prop-mods="true"
   text-mods="true"
   kind="file">/techinao/项目管理/项目文档/项目跟踪/RoboKit/测试文档/V1.5测试文档/测试用例/TCN-RoboKit-ST-系统测试用例RoboAPP-V1.5.xlsx</path>
</paths>
<msg></msg>
</logentry>
<logentry
   revision="19517">
<author>wujunnan</author>
<date>2022-03-25T08:09:32.449666Z</date>
<paths>
<path
   action="A"
   prop-mods="false"
   text-mods="false"
   kind="dir">/techinao/项目管理/项目文档/项目跟踪/交投项目/测试文档</path>
</paths>
<msg></msg>
</logentry>
<logentry
   revision="19518">
<author>wujunnan</author>
<date>2022-03-25T08:09:47.521177Z</date>
<paths>
<path
   action="A"
   prop-mods="false"
   text-mods="false"
   kind="dir">/techinao/项目管理/项目文档/项目跟踪/交投项目/测试文档/测试报告</path>
</paths>
<msg></msg>
</logentry>
<logentry
   revision="19519">
<author>wujunnan</author>
<date>2022-03-25T08:09:55.257945Z</date>
<paths>
<path
   action="A"
   prop-mods="true"
   text-mods="true"
   kind="file">/techinao/项目管理/项目文档/项目跟踪/交投项目/测试文档/测试报告/SmartIOT云平台系统测试用例-V0.1.xlsx</path>
</paths>
<msg></msg>
</logentry>
</log>
